-------------------------------------------------------------------------------
Test set: TestSuite
-------------------------------------------------------------------------------
Tests run: 2, Failures: 1, Errors: 0, Skipped: 0, Time elapsed: 21.487 s <<< FAILURE! - in TestSuite
verifyLinks(test.MxPlayerHomepageTest)  Time elapsed: 3.475 s  <<< FAILURE!
java.lang.AssertionError: expected [true] but found [false]
	at test.MxPlayerHomepageTest.verifyLinks(MxPlayerHomepageTest.java:36)

